Using pre-set license
Built from '2022.3/staging' branch; Version is '2022.3.2f1 (d74737c6db50) revision 14108471'; Using compiler version '192829333'; Build Type 'Release'
OS: 'Windows 11  (10.0.22621) 64bit Core' Language: 'nl' Physical Memory: 32620 MB
BatchMode: 1, IsHumanControllingUs: 0, StartBugReporterOnCrash: 0, Is64bit: 1, IsPro: 1

COMMAND LINE ARGUMENTS:
C:\Program Files\UnityVersions\2022.3.2f1\Editor\Unity.exe
-adb2
-batchMode
-noUpm
-name
AssetImportWorker3
-projectPath
D:/DAE/Unity/MoonMonster Coding Test
-logFile
Logs/AssetImportWorker3.log
-srvPort
52930
Successfully changed project path to: D:/DAE/Unity/MoonMonster Coding Test
D:/DAE/Unity/MoonMonster Coding Test
[UnityMemory] Configuration Parameters - Can be set up in boot.config
    "memorysetup-bucket-allocator-granularity=16"
    "memorysetup-bucket-allocator-bucket-count=8"
    "memorysetup-bucket-allocator-block-size=33554432"
    "memorysetup-bucket-allocator-block-count=8"
    "memorysetup-main-allocator-block-size=16777216"
    "memorysetup-thread-allocator-block-size=16777216"
    "memorysetup-gfx-main-allocator-block-size=16777216"
    "memorysetup-gfx-thread-allocator-block-size=16777216"
    "memorysetup-cache-allocator-block-size=4194304"
    "memorysetup-typetree-allocator-block-size=2097152"
    "memorysetup-profiler-bucket-allocator-granularity=16"
    "memorysetup-profiler-bucket-allocator-bucket-count=8"
    "memorysetup-profiler-bucket-allocator-block-size=33554432"
    "memorysetup-profiler-bucket-allocator-block-count=8"
    "memorysetup-profiler-allocator-block-size=16777216"
    "memorysetup-profiler-editor-allocator-block-size=1048576"
    "memorysetup-temp-allocator-size-main=16777216"
    "memorysetup-job-temp-allocator-block-size=2097152"
    "memorysetup-job-temp-allocator-block-size-background=1048576"
    "memorysetup-job-temp-allocator-reduction-small-platforms=262144"
    "memorysetup-allocator-temp-initial-block-size-main=262144"
    "memorysetup-allocator-temp-initial-block-size-worker=262144"
    "memorysetup-temp-allocator-size-background-worker=32768"
    "memorysetup-temp-allocator-size-job-worker=262144"
    "memorysetup-temp-allocator-size-preload-manager=33554432"
    "memorysetup-temp-allocator-size-nav-mesh-worker=65536"
    "memorysetup-temp-allocator-size-audio-worker=65536"
    "memorysetup-temp-allocator-size-cloud-worker=32768"
    "memorysetup-temp-allocator-size-gi-baking-worker=262144"
    "memorysetup-temp-allocator-size-gfx=262144"
Player connection [45500] Host "[IP] 192.168.0.127 [Port] 0 [Flags] 2 [Guid] 2962244265 [EditorId] 2962244265 [Version] 1048832 [Id] WindowsEditor(7,LAPTOP-C1MKS4LA) [Debug] 1 [PackageName] WindowsEditor [ProjectName] Editor" joined multi-casting on [225.0.0.222:54997]...

Player connection [45500] Host "[IP] 192.168.0.127 [Port] 0 [Flags] 2 [Guid] 2962244265 [EditorId] 2962244265 [Version] 1048832 [Id] WindowsEditor(7,LAPTOP-C1MKS4LA) [Debug] 1 [PackageName] WindowsEditor [ProjectName] Editor" joined alternative multi-casting on [225.0.0.222:34997]...

Refreshing native plugins compatible for Editor in 7.56 ms, found 3 plugins.
Preloading 0 native plugins for Editor in 0.00 ms.
Initialize engine version: 2022.3.2f1 (d74737c6db50)
[Subsystems] Discovering subsystems at path C:/Program Files/UnityVersions/2022.3.2f1/Editor/Data/Resources/UnitySubsystems
[Subsystems] Discovering subsystems at path D:/DAE/Unity/MoonMonster Coding Test/Assets
GfxDevice: creating device client; threaded=0; jobified=0
Direct3D:
    Version:  Direct3D 11.0 [level 11.1]
    Renderer: NVIDIA GeForce RTX 3080 Laptop GPU (ID=0x24dc)
    Vendor:   NVIDIA
    VRAM:     16191 MB
    Driver:   31.0.15.3179
Initialize mono
Mono path[0] = 'C:/Program Files/UnityVersions/2022.3.2f1/Editor/Data/Managed'
Mono path[1] = 'C:/Program Files/UnityVersions/2022.3.2f1/Editor/Data/MonoBleedingEdge/lib/mono/unityjit-win32'
Mono config path = 'C:/Program Files/UnityVersions/2022.3.2f1/Editor/Data/MonoBleedingEdge/etc'
Using monoOptions --debugger-agent=transport=dt_socket,embedding=1,server=y,suspend=n,address=127.0.0.1:56576
Begin MonoManager ReloadAssembly
Registering precompiled unity dll's ...
Register platform support module: C:/Program Files/UnityVersions/2022.3.2f1/Editor/Data/PlaybackEngines/WindowsStandaloneSupport/UnityEditor.WindowsStandalone.Extensions.dll
Registered in 0.005144 seconds.
- Loaded All Assemblies, in  0.303 seconds
Native extension for WindowsStandalone target not found
Mono: successfully reloaded assembly
- Finished resetting the current domain, in  0.264 seconds
Domain Reload Profiling: 566ms
	BeginReloadAssembly (74ms)
		ExecutionOrderSort (0ms)
		DisableScriptedObjects (0ms)
		BackupInstance (0ms)
		ReleaseScriptingObjects (0ms)
		CreateAndSetChildDomain (1ms)
	RebuildCommonClasses (32ms)
	RebuildNativeTypeToScriptingClass (9ms)
	initialDomainReloadingComplete (57ms)
	LoadAllAssembliesAndSetupDomain (130ms)
		LoadAssemblies (73ms)
		RebuildTransferFunctionScriptingTraits (0ms)
		AnalyzeDomain (125ms)
			TypeCache.Refresh (124ms)
				TypeCache.ScanAssembly (113ms)
			ScanForSourceGeneratedMonoScriptInfo (0ms)
			ResolveRequiredComponents (0ms)
	FinalizeReload (265ms)
		ReleaseScriptCaches (0ms)
		RebuildScriptCaches (0ms)
		SetupLoadedEditorAssemblies (206ms)
			LogAssemblyErrors (0ms)
			InitializePlatformSupportModulesInManaged (9ms)
			SetLoadedEditorAssemblies (7ms)
			RefreshPlugins (0ms)
			BeforeProcessingInitializeOnLoad (2ms)
			ProcessInitializeOnLoadAttributes (138ms)
			ProcessInitializeOnLoadMethodAttributes (48ms)
			AfterProcessingInitializeOnLoad (0ms)
			EditorAssembliesLoaded (0ms)
		ExecutionOrderSort2 (0ms)
		AwakeInstancesAfterBackupRestoration (0ms)
========================================================================
Worker process is ready to serve import requests
Begin MonoManager ReloadAssembly
Symbol file LoadedFromMemory doesn't match image D:\DAE\Unity\MoonMonster Coding Test\Library\PackageCache\com.unity.visualscripting@1.8.0\Editor\VisualScripting.Core\Dependencies\YamlDotNet\Unity.VisualScripting.YamlDotNet.dll
Symbol file LoadedFromMemory doesn't match image D:\DAE\Unity\MoonMonster Coding Test\Library\PackageCache\com.unity.visualscripting@1.8.0\Editor\VisualScripting.Core\Dependencies\DotNetZip\Unity.VisualScripting.IonicZip.dll
- Loaded All Assemblies, in  0.729 seconds
Refreshing native plugins compatible for Editor in 3.75 ms, found 3 plugins.
Native extension for WindowsStandalone target not found
Mono: successfully reloaded assembly
- Finished resetting the current domain, in  0.624 seconds
Domain Reload Profiling: 1351ms
	BeginReloadAssembly (131ms)
		ExecutionOrderSort (0ms)
		DisableScriptedObjects (7ms)
		BackupInstance (0ms)
		ReleaseScriptingObjects (0ms)
		CreateAndSetChildDomain (25ms)
	RebuildCommonClasses (32ms)
	RebuildNativeTypeToScriptingClass (9ms)
	initialDomainReloadingComplete (39ms)
	LoadAllAssembliesAndSetupDomain (515ms)
		LoadAssemblies (297ms)
		RebuildTransferFunctionScriptingTraits (0ms)
		AnalyzeDomain (277ms)
			TypeCache.Refresh (250ms)
				TypeCache.ScanAssembly (239ms)
			ScanForSourceGeneratedMonoScriptInfo (19ms)
			ResolveRequiredComponents (8ms)
	FinalizeReload (624ms)
		ReleaseScriptCaches (0ms)
		RebuildScriptCaches (0ms)
		SetupLoadedEditorAssemblies (481ms)
			LogAssemblyErrors (0ms)
			InitializePlatformSupportModulesInManaged (5ms)
			SetLoadedEditorAssemblies (4ms)
			RefreshPlugins (0ms)
			BeforeProcessingInitializeOnLoad (97ms)
			ProcessInitializeOnLoadAttributes (304ms)
			ProcessInitializeOnLoadMethodAttributes (66ms)
			AfterProcessingInitializeOnLoad (4ms)
			EditorAssembliesLoaded (0ms)
		ExecutionOrderSort2 (0ms)
		AwakeInstancesAfterBackupRestoration (7ms)
Launched and connected shader compiler UnityShaderCompiler.exe after 0.05 seconds
Refreshing native plugins compatible for Editor in 3.73 ms, found 3 plugins.
Preloading 0 native plugins for Editor in 0.00 ms.
Unloading 5333 Unused Serialized files (Serialized files now loaded: 0)
Unloading 86 unused Assets / (0.7 MB). Loaded Objects now: 5815.
Memory consumption went from 228.8 MB to 228.1 MB.
Total: 6.188000 ms (FindLiveObjects: 0.457000 ms CreateObjectMapping: 0.246400 ms MarkObjects: 4.934000 ms  DeleteObjects: 0.549600 ms)

AssetImportParameters requested are different than current active one (requested -> active):
  custom:container-demuxer-ogg: 62fdf1f143b41e24485cea50d1cbac27 -> 
  custom:video-codec-MediaFoundation-h265: 746d11721c4dcdbdad8f713fa42b33f4 -> 
  custom:video-decoder-ogg-theora: a1e56fd34408186e4bbccfd4996cb3dc -> 
  custom:framework-win-MediaFoundation: 216162199b28c13a410421893ffa2e32 -> 
  custom:container-demuxer-webm: 4f35f7cbe854078d1ac9338744f61a02 -> 
  custom:container-muxer-webm: aa71ff27fc2769a1b78a27578f13a17b -> 
  custom:video-decoder-webm-vp8: 9c59270c3fd7afecdb556c50c9e8de78 -> 
  custom:AudioImporter_EditorPlatform: d09bf68614088b80899f8185d706f6e7 -> 
  custom:video-encoder-webm-vp8: eb34c28f22e8b96e1ab97ce403110664 -> 
  custom:audio-decoder-ogg-vorbis: bf7c407c2cedff20999df2af8eb42d56 -> 
  custom:audio-encoder-webm-vorbis: bf7c407c2cedff20999df2af8eb42d56 -> 
========================================================================
Received Prepare
Begin MonoManager ReloadAssembly
Symbol file LoadedFromMemory doesn't match image D:\DAE\Unity\MoonMonster Coding Test\Library\PackageCache\com.unity.visualscripting@1.8.0\Editor\VisualScripting.Core\Dependencies\YamlDotNet\Unity.VisualScripting.YamlDotNet.dll
Symbol file LoadedFromMemory doesn't match image D:\DAE\Unity\MoonMonster Coding Test\Library\PackageCache\com.unity.visualscripting@1.8.0\Editor\VisualScripting.Core\Dependencies\DotNetZip\Unity.VisualScripting.IonicZip.dll
- Loaded All Assemblies, in  0.647 seconds
Refreshing native plugins compatible for Editor in 2.81 ms, found 3 plugins.
Native extension for WindowsStandalone target not found
Mono: successfully reloaded assembly
- Finished resetting the current domain, in  0.963 seconds
Domain Reload Profiling: 1609ms
	BeginReloadAssembly (132ms)
		ExecutionOrderSort (0ms)
		DisableScriptedObjects (6ms)
		BackupInstance (0ms)
		ReleaseScriptingObjects (0ms)
		CreateAndSetChildDomain (41ms)
	RebuildCommonClasses (30ms)
	RebuildNativeTypeToScriptingClass (10ms)
	initialDomainReloadingComplete (28ms)
	LoadAllAssembliesAndSetupDomain (445ms)
		LoadAssemblies (251ms)
		RebuildTransferFunctionScriptingTraits (0ms)
		AnalyzeDomain (247ms)
			TypeCache.Refresh (238ms)
				TypeCache.ScanAssembly (226ms)
			ScanForSourceGeneratedMonoScriptInfo (0ms)
			ResolveRequiredComponents (9ms)
	FinalizeReload (964ms)
		ReleaseScriptCaches (0ms)
		RebuildScriptCaches (0ms)
		SetupLoadedEditorAssemblies (468ms)
			LogAssemblyErrors (0ms)
			InitializePlatformSupportModulesInManaged (5ms)
			SetLoadedEditorAssemblies (4ms)
			RefreshPlugins (0ms)
			BeforeProcessingInitializeOnLoad (104ms)
			ProcessInitializeOnLoadAttributes (278ms)
			ProcessInitializeOnLoadMethodAttributes (72ms)
			AfterProcessingInitializeOnLoad (5ms)
			EditorAssembliesLoaded (0ms)
		ExecutionOrderSort2 (0ms)
		AwakeInstancesAfterBackupRestoration (21ms)
Refreshing native plugins compatible for Editor in 3.91 ms, found 3 plugins.
Preloading 0 native plugins for Editor in 0.00 ms.
Unloading 5171 Unused Serialized files (Serialized files now loaded: 0)
Unloading 56 unused Assets / (0.7 MB). Loaded Objects now: 5819.
Memory consumption went from 200.9 MB to 200.2 MB.
Total: 4.557500 ms (FindLiveObjects: 0.481500 ms CreateObjectMapping: 0.281300 ms MarkObjects: 3.379900 ms  DeleteObjects: 0.414000 ms)

Prepare: number of updated asset objects reloaded= 0
AssetImportParameters requested are different than current active one (requested -> active):
  custom:container-demuxer-ogg: 62fdf1f143b41e24485cea50d1cbac27 -> 
  custom:video-codec-MediaFoundation-h265: 746d11721c4dcdbdad8f713fa42b33f4 -> 
  custom:video-decoder-ogg-theora: a1e56fd34408186e4bbccfd4996cb3dc -> 
  custom:framework-win-MediaFoundation: 216162199b28c13a410421893ffa2e32 -> 
  custom:container-demuxer-webm: 4f35f7cbe854078d1ac9338744f61a02 -> 
  custom:container-muxer-webm: aa71ff27fc2769a1b78a27578f13a17b -> 
  custom:video-decoder-webm-vp8: 9c59270c3fd7afecdb556c50c9e8de78 -> 
  custom:AudioImporter_EditorPlatform: d09bf68614088b80899f8185d706f6e7 -> 
  custom:video-encoder-webm-vp8: eb34c28f22e8b96e1ab97ce403110664 -> 
  custom:audio-decoder-ogg-vorbis: bf7c407c2cedff20999df2af8eb42d56 -> 
  custom:audio-encoder-webm-vorbis: bf7c407c2cedff20999df2af8eb42d56 -> 
========================================================================
Received Prepare
Begin MonoManager ReloadAssembly
Symbol file LoadedFromMemory doesn't match image D:\DAE\Unity\MoonMonster Coding Test\Library\PackageCache\com.unity.visualscripting@1.8.0\Editor\VisualScripting.Core\Dependencies\YamlDotNet\Unity.VisualScripting.YamlDotNet.dll
Symbol file LoadedFromMemory doesn't match image D:\DAE\Unity\MoonMonster Coding Test\Library\PackageCache\com.unity.visualscripting@1.8.0\Editor\VisualScripting.Core\Dependencies\DotNetZip\Unity.VisualScripting.IonicZip.dll
- Loaded All Assemblies, in  0.625 seconds
Refreshing native plugins compatible for Editor in 2.81 ms, found 3 plugins.
Native extension for WindowsStandalone target not found
Mono: successfully reloaded assembly
- Finished resetting the current domain, in  0.952 seconds
Domain Reload Profiling: 1577ms
	BeginReloadAssembly (127ms)
		ExecutionOrderSort (0ms)
		DisableScriptedObjects (5ms)
		BackupInstance (0ms)
		ReleaseScriptingObjects (0ms)
		CreateAndSetChildDomain (39ms)
	RebuildCommonClasses (30ms)
	RebuildNativeTypeToScriptingClass (9ms)
	initialDomainReloadingComplete (26ms)
	LoadAllAssembliesAndSetupDomain (431ms)
		LoadAssemblies (238ms)
		RebuildTransferFunctionScriptingTraits (0ms)
		AnalyzeDomain (242ms)
			TypeCache.Refresh (233ms)
				TypeCache.ScanAssembly (223ms)
			ScanForSourceGeneratedMonoScriptInfo (0ms)
			ResolveRequiredComponents (9ms)
	FinalizeReload (953ms)
		ReleaseScriptCaches (0ms)
		RebuildScriptCaches (0ms)
		SetupLoadedEditorAssemblies (466ms)
			LogAssemblyErrors (0ms)
			InitializePlatformSupportModulesInManaged (5ms)
			SetLoadedEditorAssemblies (4ms)
			RefreshPlugins (0ms)
			BeforeProcessingInitializeOnLoad (97ms)
			ProcessInitializeOnLoadAttributes (291ms)
			ProcessInitializeOnLoadMethodAttributes (64ms)
			AfterProcessingInitializeOnLoad (5ms)
			EditorAssembliesLoaded (0ms)
		ExecutionOrderSort2 (0ms)
		AwakeInstancesAfterBackupRestoration (18ms)
Refreshing native plugins compatible for Editor in 3.70 ms, found 3 plugins.
Preloading 0 native plugins for Editor in 0.00 ms.
Unloading 5171 Unused Serialized files (Serialized files now loaded: 0)
Unloading 56 unused Assets / (0.7 MB). Loaded Objects now: 5823.
Memory consumption went from 201.0 MB to 200.2 MB.
Total: 5.219300 ms (FindLiveObjects: 0.487900 ms CreateObjectMapping: 0.226700 ms MarkObjects: 4.016500 ms  DeleteObjects: 0.487300 ms)

Prepare: number of updated asset objects reloaded= 0
AssetImportParameters requested are different than current active one (requested -> active):
  custom:container-demuxer-ogg: 62fdf1f143b41e24485cea50d1cbac27 -> 
  custom:video-codec-MediaFoundation-h265: 746d11721c4dcdbdad8f713fa42b33f4 -> 
  custom:video-decoder-ogg-theora: a1e56fd34408186e4bbccfd4996cb3dc -> 
  custom:framework-win-MediaFoundation: 216162199b28c13a410421893ffa2e32 -> 
  custom:container-demuxer-webm: 4f35f7cbe854078d1ac9338744f61a02 -> 
  custom:container-muxer-webm: aa71ff27fc2769a1b78a27578f13a17b -> 
  custom:video-decoder-webm-vp8: 9c59270c3fd7afecdb556c50c9e8de78 -> 
  custom:AudioImporter_EditorPlatform: d09bf68614088b80899f8185d706f6e7 -> 
  custom:video-encoder-webm-vp8: eb34c28f22e8b96e1ab97ce403110664 -> 
  custom:audio-decoder-ogg-vorbis: bf7c407c2cedff20999df2af8eb42d56 -> 
  custom:audio-encoder-webm-vorbis: bf7c407c2cedff20999df2af8eb42d56 -> 
========================================================================
Received Import Request.
  Time since last request: 449264.291941 seconds.
  path: Assets/Models/OBJ format/chest.obj
  artifactKey: Guid(f67a53e49af994240b8dd2dd1edde9dc) Importer(815301076,1909f56bfc062723c751e8b465ee728b)
Start importing Assets/Models/OBJ format/chest.obj using Guid(f67a53e49af994240b8dd2dd1edde9dc) Importer(815301076,1909f56bfc062723c751e8b465ee728b)  -> (artifact id: 'a2cb2a4aacae1b6678504bb403d847a9') in 0.015713 seconds
Number of updated asset objects reloaded before import = 0
Number of asset objects unloaded after import = 16
========================================================================
Received Import Request.
  Time since last request: 0.000020 seconds.
  path: Assets/Models/OBJ format/campfire.obj
  artifactKey: Guid(08eb0951cb1dd8644967f3476b761d0d) Importer(815301076,1909f56bfc062723c751e8b465ee728b)
Start importing Assets/Models/OBJ format/campfire.obj using Guid(08eb0951cb1dd8644967f3476b761d0d) Importer(815301076,1909f56bfc062723c751e8b465ee728b)  -> (artifact id: '826f353eb12bea2078acde03e1589d78') in 0.002486 seconds
Number of updated asset objects reloaded before import = 0
Number of asset objects unloaded after import = 26
========================================================================
Received Import Request.
  Time since last request: 0.000015 seconds.
  path: Assets/Models/OBJ format/box.obj
  artifactKey: Guid(049e79c56d0d7b741a813cdd15b0cdb0) Importer(815301076,1909f56bfc062723c751e8b465ee728b)
Start importing Assets/Models/OBJ format/box.obj using Guid(049e79c56d0d7b741a813cdd15b0cdb0) Importer(815301076,1909f56bfc062723c751e8b465ee728b)  -> (artifact id: '2d0ba3ad38ad2a0727d638a903641609') in 0.002185 seconds
Number of updated asset objects reloaded before import = 0
Number of asset objects unloaded after import = 10
========================================================================
Received Import Request.
  Time since last request: 0.000021 seconds.
  path: Assets/Models/OBJ format/bedrollPacked.obj
  artifactKey: Guid(0a1e6df5c352a7249bf4dc5c0fd05a93) Importer(815301076,1909f56bfc062723c751e8b465ee728b)
Start importing Assets/Models/OBJ format/bedrollPacked.obj using Guid(0a1e6df5c352a7249bf4dc5c0fd05a93) Importer(815301076,1909f56bfc062723c751e8b465ee728b)  -> (artifact id: 'd6fe48bff203192f34b6825f81a58baf') in 0.001905 seconds
Number of updated asset objects reloaded before import = 0
Number of asset objects unloaded after import = 11
========================================================================
Received Import Request.
  Time since last request: 0.046014 seconds.
  path: Assets/Models/DAE format/structureCloth.dae
  artifactKey: Guid(0447a3df9673d1941b6733e8ffa4b31d) Importer(815301076,1909f56bfc062723c751e8b465ee728b)
Start importing Assets/Models/DAE format/structureCloth.dae using Guid(0447a3df9673d1941b6733e8ffa4b31d) Importer(815301076,1909f56bfc062723c751e8b465ee728b)  -> (artifact id: '6f178cd1636ef1a5f3882753ba84667a') in 0.001616 seconds
Number of updated asset objects reloaded before import = 0
Number of asset objects unloaded after import = 8
========================================================================
Received Import Request.
  Time since last request: 0.000015 seconds.
  path: Assets/Models/DAE format/workbench.dae
  artifactKey: Guid(782e2be4e80d6fe418fe7b067267e80c) Importer(815301076,1909f56bfc062723c751e8b465ee728b)
Start importing Assets/Models/DAE format/workbench.dae using Guid(782e2be4e80d6fe418fe7b067267e80c) Importer(815301076,1909f56bfc062723c751e8b465ee728b)  -> (artifact id: '9bccfa7faf47f1bfa1e7030ee42d2553') in 0.002426 seconds
Number of updated asset objects reloaded before import = 0
Number of asset objects unloaded after import = 22
========================================================================
Received Import Request.
  Time since last request: 0.000018 seconds.
  path: Assets/Models/OBJ format/fenceFortified.obj
  artifactKey: Guid(c4d20ab9c7149e74ba8a5b34a0f482fe) Importer(815301076,1909f56bfc062723c751e8b465ee728b)
Start importing Assets/Models/OBJ format/fenceFortified.obj using Guid(c4d20ab9c7149e74ba8a5b34a0f482fe) Importer(815301076,1909f56bfc062723c751e8b465ee728b)  -> (artifact id: 'aeb4303b1cab5df59cea115bca0b8035') in 0.001677 seconds
Number of updated asset objects reloaded before import = 0
Number of asset objects unloaded after import = 10
========================================================================
Received Import Request.
  Time since last request: 0.000015 seconds.
  path: Assets/Models/DAE format/floor.dae
  artifactKey: Guid(35285fc648a170243ae9aab91a568d8c) Importer(815301076,1909f56bfc062723c751e8b465ee728b)
Start importing Assets/Models/DAE format/floor.dae using Guid(35285fc648a170243ae9aab91a568d8c) Importer(815301076,1909f56bfc062723c751e8b465ee728b)  -> (artifact id: '307ac4581cdc6abbe56bb75af39244c2') in 0.001604 seconds
Number of updated asset objects reloaded before import = 0
Number of asset objects unloaded after import = 8
========================================================================
Received Import Request.
  Time since last request: 0.071695 seconds.
  path: Assets/Models/DAE format/fenceFortified.dae
  artifactKey: Guid(dd923d37f00b33a4bbca09c32825e015) Importer(815301076,1909f56bfc062723c751e8b465ee728b)
Start importing Assets/Models/DAE format/fenceFortified.dae using Guid(dd923d37f00b33a4bbca09c32825e015) Importer(815301076,1909f56bfc062723c751e8b465ee728b)  -> (artifact id: '149740303a896b78ea249b832c549912') in 0.001351 seconds
Number of updated asset objects reloaded before import = 0
Number of asset objects unloaded after import = 8
========================================================================
Received Import Request.
  Time since last request: 0.000014 seconds.
  path: Assets/Models/DAE format/chest.dae
  artifactKey: Guid(fcf79fdbd1350754a9c1ebbbbcd5bd07) Importer(815301076,1909f56bfc062723c751e8b465ee728b)
Start importing Assets/Models/DAE format/chest.dae using Guid(fcf79fdbd1350754a9c1ebbbbcd5bd07) Importer(815301076,1909f56bfc062723c751e8b465ee728b)  -> (artifact id: '8169e741cbcbe4fd0627fa021be59e36') in 0.001905 seconds
Number of updated asset objects reloaded before import = 0
Number of asset objects unloaded after import = 16
========================================================================
Received Import Request.
  Time since last request: 1.520851 seconds.
  path: Assets/Models/DAE format/toolShovel.dae
  artifactKey: Guid(2e5a63b6cc69208418af990f41e867ab) Importer(815301076,1909f56bfc062723c751e8b465ee728b)
Start importing Assets/Models/DAE format/toolShovel.dae using Guid(2e5a63b6cc69208418af990f41e867ab) Importer(815301076,1909f56bfc062723c751e8b465ee728b)  -> (artifact id: 'df0fa1fcbdcee69d5c1992889c439cd3') in 0.001614 seconds
Number of updated asset objects reloaded before import = 0
Number of asset objects unloaded after import = 9
========================================================================
Received Import Request.
  Time since last request: 0.000018 seconds.
  path: Assets/Models/DAE format/tent.dae
  artifactKey: Guid(2bb7a57624f2f684494a7215f64f1c32) Importer(815301076,1909f56bfc062723c751e8b465ee728b)
Start importing Assets/Models/DAE format/tent.dae using Guid(2bb7a57624f2f684494a7215f64f1c32) Importer(815301076,1909f56bfc062723c751e8b465ee728b)  -> (artifact id: 'ac78826104a6fe61cc40b4c4d1da571b') in 0.002038 seconds
Number of updated asset objects reloaded before import = 0
Number of asset objects unloaded after import = 7
========================================================================
Received Import Request.
  Time since last request: 0.077931 seconds.
  path: Assets/Models/DAE format/toolHoe.dae
  artifactKey: Guid(5697435bac899af4693b899b52b964d5) Importer(815301076,1909f56bfc062723c751e8b465ee728b)
Start importing Assets/Models/DAE format/toolHoe.dae using Guid(5697435bac899af4693b899b52b964d5) Importer(815301076,1909f56bfc062723c751e8b465ee728b)  -> (artifact id: '4509ebf8b06a562f498ff42da2a90ea7') in 0.001720 seconds
Number of updated asset objects reloaded before import = 0
Number of asset objects unloaded after import = 8
========================================================================
Received Import Request.
  Time since last request: 0.243440 seconds.
  path: Assets/Models/DAE format/resourceWood.dae
  artifactKey: Guid(1f697e623f5a0404a9d63f96a102ec81) Importer(815301076,1909f56bfc062723c751e8b465ee728b)
Start importing Assets/Models/DAE format/resourceWood.dae using Guid(1f697e623f5a0404a9d63f96a102ec81) Importer(815301076,1909f56bfc062723c751e8b465ee728b)  -> (artifact id: '4d8660b8c98cc7912561fd3101c4acb3') in 0.001901 seconds
Number of updated asset objects reloaded before import = 0
Number of asset objects unloaded after import = 7
========================================================================
Received Import Request.
  Time since last request: 0.000023 seconds.
  path: Assets/Models/OBJ format/fishingStand.obj
  artifactKey: Guid(4944ddb7dded42e44af34da446c413ed) Importer(815301076,1909f56bfc062723c751e8b465ee728b)
Start importing Assets/Models/OBJ format/fishingStand.obj using Guid(4944ddb7dded42e44af34da446c413ed) Importer(815301076,1909f56bfc062723c751e8b465ee728b)  -> (artifact id: '6248d4c903f9bb69561d5c6d2cf26ab7') in 0.001569 seconds
Number of updated asset objects reloaded before import = 0
Number of asset objects unloaded after import = 9
========================================================================
Received Import Request.
  Time since last request: 0.076350 seconds.
  path: Assets/Models/OBJ format/toolHoe.obj
  artifactKey: Guid(7c1f5da042927014cb4c99e4dc641322) Importer(815301076,1909f56bfc062723c751e8b465ee728b)
Start importing Assets/Models/OBJ format/toolHoe.obj using Guid(7c1f5da042927014cb4c99e4dc641322) Importer(815301076,1909f56bfc062723c751e8b465ee728b)  -> (artifact id: 'fff687066862472b31d0b81a356c66f6') in 0.002107 seconds
Number of updated asset objects reloaded before import = 0
Number of asset objects unloaded after import = 10
========================================================================
Received Import Request.
  Time since last request: 0.000015 seconds.
  path: Assets/Models/OBJ format/structureCloth.obj
  artifactKey: Guid(2c48083b8dabec84a84457beccabadb2) Importer(815301076,1909f56bfc062723c751e8b465ee728b)
Start importing Assets/Models/OBJ format/structureCloth.obj using Guid(2c48083b8dabec84a84457beccabadb2) Importer(815301076,1909f56bfc062723c751e8b465ee728b)  -> (artifact id: '6e3f875627f33226897c443bf61b3c6a') in 0.002227 seconds
Number of updated asset objects reloaded before import = 0
Number of asset objects unloaded after import = 10
========================================================================
Received Import Request.
  Time since last request: 0.000020 seconds.
  path: Assets/Models/OBJ format/tentHalf.obj
  artifactKey: Guid(9963cebf01d04aa4ea4db7ef3802cbcc) Importer(815301076,1909f56bfc062723c751e8b465ee728b)
Start importing Assets/Models/OBJ format/tentHalf.obj using Guid(9963cebf01d04aa4ea4db7ef3802cbcc) Importer(815301076,1909f56bfc062723c751e8b465ee728b)  -> (artifact id: '3bd64f0cce114f3675a033c774c1805b') in 0.001705 seconds
Number of updated asset objects reloaded before import = 0
Number of asset objects unloaded after import = 10
========================================================================
Received Import Request.
  Time since last request: 0.000019 seconds.
  path: Assets/Models/OBJ format/structure.obj
  artifactKey: Guid(6b488d62bb268e54aa8c4a55058b738a) Importer(815301076,1909f56bfc062723c751e8b465ee728b)
Start importing Assets/Models/OBJ format/structure.obj using Guid(6b488d62bb268e54aa8c4a55058b738a) Importer(815301076,1909f56bfc062723c751e8b465ee728b)  -> (artifact id: 'dbcba53dc102a3762d4000fcd09758c4') in 0.001873 seconds
Number of updated asset objects reloaded before import = 0
Number of asset objects unloaded after import = 9
========================================================================
Received Import Request.
  Time since last request: 0.000017 seconds.
  path: Assets/Models/OBJ format/toolAxe.obj
  artifactKey: Guid(c4e533c257ed6034cb5fc48a1203ad42) Importer(815301076,1909f56bfc062723c751e8b465ee728b)
Start importing Assets/Models/OBJ format/toolAxe.obj using Guid(c4e533c257ed6034cb5fc48a1203ad42) Importer(815301076,1909f56bfc062723c751e8b465ee728b)  -> (artifact id: '41535c7d8dffb9366299158f0c774f6b') in 0.002208 seconds
Number of updated asset objects reloaded before import = 0
Number of asset objects unloaded after import = 11
========================================================================
Received Import Request.
  Time since last request: 0.131840 seconds.
  path: Assets/Models/OBJ format/resourceWood.obj
  artifactKey: Guid(a6fda9956ab5c0142bb3838021b32516) Importer(815301076,1909f56bfc062723c751e8b465ee728b)
Start importing Assets/Models/OBJ format/resourceWood.obj using Guid(a6fda9956ab5c0142bb3838021b32516) Importer(815301076,1909f56bfc062723c751e8b465ee728b)  -> (artifact id: 'dc688597d1aa0cf52fc077d9cd49dbf7') in 0.002048 seconds
Number of updated asset objects reloaded before import = 0
Number of asset objects unloaded after import = 9
========================================================================
Received Import Request.
  Time since last request: 0.000021 seconds.
  path: Assets/Models/OBJ format/signpostSingle.obj
  artifactKey: Guid(aa2e4adf060742a42bbcec6ace72b98a) Importer(815301076,1909f56bfc062723c751e8b465ee728b)
Start importing Assets/Models/OBJ format/signpostSingle.obj using Guid(aa2e4adf060742a42bbcec6ace72b98a) Importer(815301076,1909f56bfc062723c751e8b465ee728b)  -> (artifact id: '17c953ff761b397b0535c5765b33a0ee') in 0.001799 seconds
Number of updated asset objects reloaded before import = 0
Number of asset objects unloaded after import = 9
========================================================================
Received Import Request.
  Time since last request: 0.003351 seconds.
  path: Assets/Models/DAE format/bedrollPacked.dae
  artifactKey: Guid(721e4893516e469459b4593321a0097e) Importer(815301076,1909f56bfc062723c751e8b465ee728b)
Start importing Assets/Models/DAE format/bedrollPacked.dae using Guid(721e4893516e469459b4593321a0097e) Importer(815301076,1909f56bfc062723c751e8b465ee728b)  -> (artifact id: '882259d8ca068ebbf67ed07986b411bf') in 0.002171 seconds
Number of updated asset objects reloaded before import = 0
Number of asset objects unloaded after import = 9
========================================================================
Received Import Request.
  Time since last request: 0.017981 seconds.
  path: Assets/Models/DAE format/campfire.dae
  artifactKey: Guid(e489424f2f54ae040a2e104841c71910) Importer(815301076,1909f56bfc062723c751e8b465ee728b)
Start importing Assets/Models/DAE format/campfire.dae using Guid(e489424f2f54ae040a2e104841c71910) Importer(815301076,1909f56bfc062723c751e8b465ee728b)  -> (artifact id: '0515bb8d22fcd5291d8485f5a0a05f1c') in 0.002734 seconds
Number of updated asset objects reloaded before import = 0
Number of asset objects unloaded after import = 26
========================================================================
Received Import Request.
  Time since last request: 0.013847 seconds.
  path: Assets/Models/DAE format/fence.dae
  artifactKey: Guid(adefd9e94c545a04a82ed42e4916f3bd) Importer(815301076,1909f56bfc062723c751e8b465ee728b)
Start importing Assets/Models/DAE format/fence.dae using Guid(adefd9e94c545a04a82ed42e4916f3bd) Importer(815301076,1909f56bfc062723c751e8b465ee728b)  -> (artifact id: '7efc2411d340e5333655142faff638de') in 0.002195 seconds
Number of updated asset objects reloaded before import = 0
Number of asset objects unloaded after import = 7
========================================================================
Received Import Request.
  Time since last request: 0.049915 seconds.
  path: Assets/Models/DAE format/bedroll.dae
  artifactKey: Guid(2c2f8e56f2e027748b66b1377b3fb332) Importer(815301076,1909f56bfc062723c751e8b465ee728b)
Start importing Assets/Models/DAE format/bedroll.dae using Guid(2c2f8e56f2e027748b66b1377b3fb332) Importer(815301076,1909f56bfc062723c751e8b465ee728b)  -> (artifact id: 'c888d79a036561bba41164a5aada76d3') in 0.002213 seconds
Number of updated asset objects reloaded before import = 0
Number of asset objects unloaded after import = 8
========================================================================
Received Import Request.
  Time since last request: 0.017813 seconds.
  path: Assets/Models/DAE format/resourceStone.dae
  artifactKey: Guid(52078d9f82073b24ebcae4d3176b0a77) Importer(815301076,1909f56bfc062723c751e8b465ee728b)
Start importing Assets/Models/DAE format/resourceStone.dae using Guid(52078d9f82073b24ebcae4d3176b0a77) Importer(815301076,1909f56bfc062723c751e8b465ee728b)  -> (artifact id: 'c8bc37318fbd5be4ef394f3efa4d775c') in 0.002079 seconds
Number of updated asset objects reloaded before import = 0
Number of asset objects unloaded after import = 7
========================================================================
Received Import Request.
  Time since last request: 0.000020 seconds.
  path: Assets/Models/OBJ format/resourceStone.obj
  artifactKey: Guid(03bb25f09d8ce8841b84bdf910ab0278) Importer(815301076,1909f56bfc062723c751e8b465ee728b)
Start importing Assets/Models/OBJ format/resourceStone.obj using Guid(03bb25f09d8ce8841b84bdf910ab0278) Importer(815301076,1909f56bfc062723c751e8b465ee728b)  -> (artifact id: 'bf4dfb094db5b5ef2b5143ec3b5a6f48') in 0.001974 seconds
Number of updated asset objects reloaded before import = 0
Number of asset objects unloaded after import = 9
========================================================================
Received Import Request.
  Time since last request: 0.153950 seconds.
  path: Assets/Models/DAE format/barrelOpen.dae
  artifactKey: Guid(ecc57a146f3fd2242bd9fad9432c4d24) Importer(815301076,1909f56bfc062723c751e8b465ee728b)
Start importing Assets/Models/DAE format/barrelOpen.dae using Guid(ecc57a146f3fd2242bd9fad9432c4d24) Importer(815301076,1909f56bfc062723c751e8b465ee728b)  -> (artifact id: '77aacc8c51308a934f0bd754815b50b5') in 0.002607 seconds
Number of updated asset objects reloaded before import = 0
Number of asset objects unloaded after import = 8
========================================================================
Received Import Request.
  Time since last request: 0.024430 seconds.
  path: Assets/Models/DAE format/fish.dae
  artifactKey: Guid(a116a100077f7fa47aad6e7f5cf62520) Importer(815301076,1909f56bfc062723c751e8b465ee728b)
Start importing Assets/Models/DAE format/fish.dae using Guid(a116a100077f7fa47aad6e7f5cf62520) Importer(815301076,1909f56bfc062723c751e8b465ee728b)  -> (artifact id: '8f347d265cbc5255f2eece4cb00a10ad') in 0.002801 seconds
Number of updated asset objects reloaded before import = 0
Number of asset objects unloaded after import = 9
========================================================================
Received Import Request.
  Time since last request: 0.000020 seconds.
  path: Assets/Models/DAE format/treeFallLarge.dae
  artifactKey: Guid(1183ee5a77a7a9f4187722d90e9748e6) Importer(815301076,1909f56bfc062723c751e8b465ee728b)
Start importing Assets/Models/DAE format/treeFallLarge.dae using Guid(1183ee5a77a7a9f4187722d90e9748e6) Importer(815301076,1909f56bfc062723c751e8b465ee728b)  -> (artifact id: '23bc467aefba5cb982c7a750b7059b88') in 0.002611 seconds
Number of updated asset objects reloaded before import = 0
Number of asset objects unloaded after import = 8
========================================================================
Received Import Request.
  Time since last request: 0.000019 seconds.
  path: Assets/Models/OBJ format/treeFall.obj
  artifactKey: Guid(817973600e587464a8649ba5cc06f16f) Importer(815301076,1909f56bfc062723c751e8b465ee728b)
Start importing Assets/Models/OBJ format/treeFall.obj using Guid(817973600e587464a8649ba5cc06f16f) Importer(815301076,1909f56bfc062723c751e8b465ee728b)  -> (artifact id: 'db3aea9e8d9e130838b4b7df8ed148a1') in 0.002020 seconds
Number of updated asset objects reloaded before import = 0
Number of asset objects unloaded after import = 10
========================================================================
Received Import Request.
  Time since last request: 0.002039 seconds.
  path: Assets/Models/DAE format/rockB.dae
  artifactKey: Guid(8bdacc241c7d4fa46ba9f9a65431b3c9) Importer(815301076,1909f56bfc062723c751e8b465ee728b)
Start importing Assets/Models/DAE format/rockB.dae using Guid(8bdacc241c7d4fa46ba9f9a65431b3c9) Importer(815301076,1909f56bfc062723c751e8b465ee728b)  -> (artifact id: 'f699f107cd0379ca3c83ee6f788471ab') in 0.001905 seconds
Number of updated asset objects reloaded before import = 0
Number of asset objects unloaded after import = 7
========================================================================
Received Import Request.
  Time since last request: 0.026984 seconds.
  path: Assets/Models/DAE format/rockC.dae
  artifactKey: Guid(5c55d39005c53f14aa0bd1dbd41e8404) Importer(815301076,1909f56bfc062723c751e8b465ee728b)
Start importing Assets/Models/DAE format/rockC.dae using Guid(5c55d39005c53f14aa0bd1dbd41e8404) Importer(815301076,1909f56bfc062723c751e8b465ee728b)  -> (artifact id: 'e838f32d43e9e763b7467887a5db3887') in 0.002105 seconds
Number of updated asset objects reloaded before import = 0
Number of asset objects unloaded after import = 7
========================================================================
Received Import Request.
  Time since last request: 1.172628 seconds.
  path: Assets/Models/DAE format/grass.dae
  artifactKey: Guid(9d9b5613bc7bdff479dd677ae81d48c1) Importer(815301076,1909f56bfc062723c751e8b465ee728b)
Start importing Assets/Models/DAE format/grass.dae using Guid(9d9b5613bc7bdff479dd677ae81d48c1) Importer(815301076,1909f56bfc062723c751e8b465ee728b)  -> (artifact id: 'f1c778dd3f5e63361c78a19074de039e') in 0.001339 seconds
Number of updated asset objects reloaded before import = 0
Number of asset objects unloaded after import = 7
Editor requested this worker to shutdown with reason: Scaling down because of idle timeout
TcpMessagingSession - receive error: operation aborted. errorcode: 995, details: De I/O-bewerking is afgebroken vanwege het afsluiten van een thread of vanwege een opdracht van een toepassing.
AssetImportWorker is now disconnected from the server
Process exiting
Exiting without the bug reporter. Application will terminate with return code 0